root@deniz-jetson:/jetson-inference/python/training/classification# python3 train.py --model-dir=models/maskdata data/maskdata --batch-size 4 --workers 1 --epochs 1
Use GPU: 0 for training
=> dataset classes:  2 ['withmask', 'withoutmask']
=> using pre-trained model 'resnet18'
Downloading: "https://download.pytorch.org/models/resnet18-f37072fd.pth" to /root/.cache/torch/hub/checkpoints/resnet18-f37072fd.pth
100.0%
=> reshaped ResNet fully-connected layer with: Linear(in_features=512, out_features=2, bias=True)
/usr/local/lib/python3.6/dist-packages/torch/nn/functional.py:718: UserWarning: Named tensors and all their associated APIs are an experimental feature and subject to change. Please do not use them for anything important until they are released as stable. (Triggered internally at  /media/nvidia/NVME/pytorch/pytorch-v1.9.0/c10/core/TensorImpl.h:1156.)
  return torch.max_pool2d(input, kernel_size, stride, padding, dilation, ceil_mode)
Epoch: [0][ 0/80]  Time 312.548 (312.548)  Data 35.527 (35.527)  Loss 2.2575e-01 (2.2575e-01)  Acc@1 100.00 (100.00)  Acc@5 100.00 (100.00)
Epoch: [0][10/80]  Time  0.468 (33.345)  Data  0.001 ( 3.674)  Loss 4.0586e+01 (2.9826e+01)  Acc@1  50.00 ( 52.27)  Acc@5 100.00 (100.00)
Epoch: [0][20/80]  Time  0.434 (17.744)  Data  0.001 ( 2.030)  Loss 1.8610e+01 (2.8017e+01)  Acc@1  50.00 ( 50.00)  Acc@5 100.00 (100.00)
Epoch: [0][30/80]  Time  0.468 (12.171)  Data  0.000 ( 1.384)  Loss 9.0956e+00 (2.1152e+01)  Acc@1  50.00 ( 47.58)  Acc@5 100.00 (100.00)
Epoch: [0][40/80]  Time  0.465 ( 9.316)  Data  0.000 ( 1.052)  Loss 9.6450e+00 (1.7742e+01)  Acc@1   0.00 ( 46.34)  Acc@5 100.00 (100.00)
Epoch: [0][50/80]  Time  0.468 ( 7.582)  Data  0.001 ( 0.852)  Loss 3.3283e+00 (1.4797e+01)  Acc@1   0.00 ( 48.04)  Acc@5 100.00 (100.00)
Epoch: [0][60/80]  Time  0.464 ( 6.416)  Data  0.000 ( 0.716)  Loss 1.4356e+00 (1.2591e+01)  Acc@1  25.00 ( 47.95)  Acc@5 100.00 (100.00)
Epoch: [0][70/80]  Time  0.461 ( 5.578)  Data  0.001 ( 0.619)  Loss 2.0298e+00 (1.1013e+01)  Acc@1  25.00 ( 47.54)  Acc@5 100.00 (100.00)
Epoch: [0] completed, elapsed time 401.070 seconds
[W pthreadpool-cpp.cc:90] Warning: Leaking Caffe2 thread-pool after fork. (function pthreadpool)
Test: [ 0/10]  Time  1.636 ( 1.636)  Loss 3.1159e-01 (3.1159e-01)  Acc@1 100.00 (100.00)  Acc@5 100.00 (100.00)
 * Acc@1 50.000 Acc@5 100.000
saved best model to:  models/maskdata/model_best.pth.tar
root@deniz-jetson:/jetson-inference/python/training/classification# 
