root@deniz-jetson:/jetson-inference/python/training/classification# python3 train.py --model-dir=models/maskdata data/maskdata --batch-size 4 --workers 1 --epochs 10 --lr 0.01 --momentum 0.1
Use GPU: 0 for training
=> dataset classes:  2 ['withmask', 'withoutmask']
=> using pre-trained model 'resnet18'
=> reshaped ResNet fully-connected layer with: Linear(in_features=512, out_features=2, bias=True)
/usr/local/lib/python3.6/dist-packages/torch/nn/functional.py:718: UserWarning: Named tensors and all their associated APIs are an experimental feature and subject to change. Please do not use them for anything important until they are released as stable. (Triggered internally at  /media/nvidia/NVME/pytorch/pytorch-v1.9.0/c10/core/TensorImpl.h:1156.)
  return torch.max_pool2d(input, kernel_size, stride, padding, dilation, ceil_mode)
Epoch: [0][ 0/80]  Time 239.510 (239.510)  Data  7.836 ( 7.836)  Loss 7.0571e-01 (7.0571e-01)  Acc@1  25.00 ( 25.00)  Acc@5 100.00 (100.00)
Epoch: [0][10/80]  Time  0.411 (25.533)  Data  0.001 ( 0.930)  Loss 4.0599e+00 (1.3680e+00)  Acc@1   0.00 ( 50.00)  Acc@5 100.00 (100.00)
Epoch: [0][20/80]  Time  0.424 (13.574)  Data  0.000 ( 0.500)  Loss 1.8475e+00 (1.2257e+00)  Acc@1  50.00 ( 48.81)  Acc@5 100.00 (100.00)
Epoch: [0][30/80]  Time  0.418 ( 9.331)  Data  0.001 ( 0.347)  Loss 5.6299e-01 (1.0106e+00)  Acc@1  75.00 ( 58.06)  Acc@5 100.00 (100.00)
Epoch: [0][40/80]  Time  0.425 ( 7.158)  Data  0.000 ( 0.269)  Loss 1.7979e-01 (8.9174e-01)  Acc@1 100.00 ( 62.20)  Acc@5 100.00 (100.00)
Epoch: [0][50/80]  Time  0.421 ( 5.837)  Data  0.000 ( 0.221)  Loss 1.1102e-02 (7.8822e-01)  Acc@1 100.00 ( 66.18)  Acc@5 100.00 (100.00)
Epoch: [0][60/80]  Time  0.412 ( 4.954)  Data  0.000 ( 0.198)  Loss 1.4067e+00 (7.1546e-01)  Acc@1  50.00 ( 68.85)  Acc@5 100.00 (100.00)
Epoch: [0][70/80]  Time  0.418 ( 4.315)  Data  0.000 ( 0.174)  Loss 8.7730e-01 (7.2830e-01)  Acc@1  50.00 ( 68.66)  Acc@5 100.00 (100.00)
Epoch: [0] completed, elapsed time 310.436 seconds
[W pthreadpool-cpp.cc:90] Warning: Leaking Caffe2 thread-pool after fork. (function pthreadpool)
Test: [ 0/10]  Time  1.366 ( 1.366)  Loss 3.2423e-05 (3.2423e-05)  Acc@1 100.00 (100.00)  Acc@5 100.00 (100.00)
 * Acc@1 90.000 Acc@5 100.000
saved best model to:  models/maskdata/model_best.pth.tar
[W pthreadpool-cpp.cc:90] Warning: Leaking Caffe2 thread-pool after fork. (function pthreadpool)
Epoch: [1][ 0/80]  Time  3.427 ( 3.427)  Data  2.376 ( 2.376)  Loss 9.1109e-02 (9.1109e-02)  Acc@1 100.00 (100.00)  Acc@5 100.00 (100.00)
Epoch: [1][10/80]  Time  0.422 ( 0.880)  Data  0.000 ( 0.440)  Loss 1.1009e-01 (1.9662e-01)  Acc@1 100.00 ( 93.18)  Acc@5 100.00 (100.00)
Epoch: [1][20/80]  Time  0.423 ( 0.661)  Data  0.000 ( 0.243)  Loss 5.6788e-01 (5.1841e-01)  Acc@1  75.00 ( 85.71)  Acc@5 100.00 (100.00)
Epoch: [1][30/80]  Time  0.419 ( 0.584)  Data  0.000 ( 0.173)  Loss 7.4524e-02 (4.9552e-01)  Acc@1 100.00 ( 83.06)  Acc@5 100.00 (100.00)
Epoch: [1][40/80]  Time  0.419 ( 0.544)  Data  0.000 ( 0.137)  Loss 1.3907e+00 (4.4483e-01)  Acc@1  50.00 ( 84.76)  Acc@5 100.00 (100.00)
Epoch: [1][50/80]  Time  0.420 ( 0.520)  Data  0.000 ( 0.116)  Loss 5.9545e-02 (4.2786e-01)  Acc@1 100.00 ( 84.80)  Acc@5 100.00 (100.00)
Epoch: [1][60/80]  Time  0.410 ( 0.504)  Data  0.000 ( 0.101)  Loss 1.5158e-01 (4.7502e-01)  Acc@1 100.00 ( 83.61)  Acc@5 100.00 (100.00)
Epoch: [1][70/80]  Time  0.428 ( 0.492)  Data  0.001 ( 0.090)  Loss 2.6137e+00 (5.2901e-01)  Acc@1  50.00 ( 82.04)  Acc@5 100.00 (100.00)
Epoch: [1] completed, elapsed time 38.890 seconds
[W pthreadpool-cpp.cc:90] Warning: Leaking Caffe2 thread-pool after fork. (function pthreadpool)
Test: [ 0/10]  Time  1.093 ( 1.093)  Loss 2.5147e-02 (2.5147e-02)  Acc@1 100.00 (100.00)  Acc@5 100.00 (100.00)
 * Acc@1 97.500 Acc@5 100.000
saved best model to:  models/maskdata/model_best.pth.tar
[W pthreadpool-cpp.cc:90] Warning: Leaking Caffe2 thread-pool after fork. (function pthreadpool)
Epoch: [2][ 0/80]  Time  4.004 ( 4.004)  Data  2.907 ( 2.907)  Loss 5.6509e-01 (5.6509e-01)  Acc@1  75.00 ( 75.00)  Acc@5 100.00 (100.00)
Epoch: [2][10/80]  Time  0.419 ( 0.727)  Data  0.001 ( 0.269)  Loss 2.0299e-02 (1.7450e-01)  Acc@1 100.00 ( 93.18)  Acc@5 100.00 (100.00)
Epoch: [2][20/80]  Time  0.417 ( 0.581)  Data  0.000 ( 0.153)  Loss 1.7830e+00 (6.2741e-01)  Acc@1  75.00 ( 82.14)  Acc@5 100.00 (100.00)
Epoch: [2][30/80]  Time  0.422 ( 0.530)  Data  0.000 ( 0.112)  Loss 1.8390e-01 (6.3475e-01)  Acc@1  75.00 ( 76.61)  Acc@5 100.00 (100.00)
Epoch: [2][40/80]  Time  0.413 ( 0.504)  Data  0.001 ( 0.091)  Loss 5.8260e-01 (6.6388e-01)  Acc@1  75.00 ( 75.61)  Acc@5 100.00 (100.00)
Epoch: [2][50/80]  Time  0.421 ( 0.487)  Data  0.001 ( 0.079)  Loss 4.4092e-01 (6.3700e-01)  Acc@1  50.00 ( 75.00)  Acc@5 100.00 (100.00)
Epoch: [2][60/80]  Time  0.412 ( 0.476)  Data  0.000 ( 0.071)  Loss 3.8383e-01 (6.1420e-01)  Acc@1  75.00 ( 75.82)  Acc@5 100.00 (100.00)
Epoch: [2][70/80]  Time  0.420 ( 0.469)  Data  0.000 ( 0.065)  Loss 2.9889e-01 (6.1960e-01)  Acc@1  75.00 ( 76.76)  Acc@5 100.00 (100.00)
Epoch: [2] completed, elapsed time 37.166 seconds
[W pthreadpool-cpp.cc:90] Warning: Leaking Caffe2 thread-pool after fork. (function pthreadpool)
Test: [ 0/10]  Time  0.697 ( 0.697)  Loss 1.9752e-03 (1.9752e-03)  Acc@1 100.00 (100.00)  Acc@5 100.00 (100.00)
 * Acc@1 100.000 Acc@5 100.000
saved best model to:  models/maskdata/model_best.pth.tar
[W pthreadpool-cpp.cc:90] Warning: Leaking Caffe2 thread-pool after fork. (function pthreadpool)
Epoch: [3][ 0/80]  Time  1.207 ( 1.207)  Data  0.964 ( 0.964)  Loss 4.9459e-03 (4.9459e-03)  Acc@1 100.00 (100.00)  Acc@5 100.00 (100.00)
Epoch: [3][10/80]  Time  0.416 ( 0.491)  Data  0.000 ( 0.111)  Loss 4.3218e-03 (1.1137e+00)  Acc@1 100.00 ( 68.18)  Acc@5 100.00 (100.00)
Epoch: [3][20/80]  Time  0.418 ( 0.457)  Data  0.000 ( 0.071)  Loss 4.8561e-01 (8.1601e-01)  Acc@1  75.00 ( 77.38)  Acc@5 100.00 (100.00)
Epoch: [3][30/80]  Time  0.415 ( 0.446)  Data  0.001 ( 0.059)  Loss 2.9038e-02 (6.8737e-01)  Acc@1 100.00 ( 79.03)  Acc@5 100.00 (100.00)
Epoch: [3][40/80]  Time  0.413 ( 0.440)  Data  0.000 ( 0.051)  Loss 2.0491e-03 (5.9819e-01)  Acc@1 100.00 ( 80.49)  Acc@5 100.00 (100.00)
Epoch: [3][50/80]  Time  0.422 ( 0.436)  Data  0.000 ( 0.046)  Loss 3.1349e-02 (5.4110e-01)  Acc@1 100.00 ( 81.86)  Acc@5 100.00 (100.00)
Epoch: [3][60/80]  Time  0.418 ( 0.434)  Data  0.000 ( 0.043)  Loss 5.5660e-02 (5.4765e-01)  Acc@1 100.00 ( 82.38)  Acc@5 100.00 (100.00)
Epoch: [3][70/80]  Time  0.420 ( 0.432)  Data  0.001 ( 0.040)  Loss 7.3389e-01 (5.3495e-01)  Acc@1  75.00 ( 80.99)  Acc@5 100.00 (100.00)
Epoch: [3] completed, elapsed time 34.585 seconds
[W pthreadpool-cpp.cc:90] Warning: Leaking Caffe2 thread-pool after fork. (function pthreadpool)
Test: [ 0/10]  Time  0.361 ( 0.361)  Loss 7.7532e-03 (7.7532e-03)  Acc@1 100.00 (100.00)  Acc@5 100.00 (100.00)
 * Acc@1 95.000 Acc@5 100.000
saved checkpoint to:  models/maskdata/checkpoint.pth.tar
[W pthreadpool-cpp.cc:90] Warning: Leaking Caffe2 thread-pool after fork. (function pthreadpool)
Epoch: [4][ 0/80]  Time  3.899 ( 3.899)  Data  3.618 ( 3.618)  Loss 4.3132e-01 (4.3132e-01)  Acc@1  75.00 ( 75.00)  Acc@5 100.00 (100.00)
Epoch: [4][10/80]  Time  0.423 ( 0.738)  Data  0.000 ( 0.352)  Loss 1.6194e-01 (6.0344e-01)  Acc@1 100.00 ( 84.09)  Acc@5 100.00 (100.00)
Epoch: [4][20/80]  Time  0.415 ( 0.587)  Data  0.000 ( 0.197)  Loss 2.4186e+00 (5.5095e-01)  Acc@1  50.00 ( 82.14)  Acc@5 100.00 (100.00)
Epoch: [4][30/80]  Time  0.416 ( 0.534)  Data  0.000 ( 0.142)  Loss 8.6152e-02 (5.4296e-01)  Acc@1 100.00 ( 83.87)  Acc@5 100.00 (100.00)
Epoch: [4][40/80]  Time  0.419 ( 0.506)  Data  0.001 ( 0.114)  Loss 1.8964e-02 (5.3971e-01)  Acc@1 100.00 ( 83.54)  Acc@5 100.00 (100.00)
Epoch: [4][50/80]  Time  0.418 ( 0.489)  Data  0.001 ( 0.097)  Loss 1.4538e-02 (5.4929e-01)  Acc@1 100.00 ( 82.84)  Acc@5 100.00 (100.00)
Epoch: [4][60/80]  Time  0.419 ( 0.478)  Data  0.000 ( 0.085)  Loss 1.5577e-02 (5.0286e-01)  Acc@1 100.00 ( 84.43)  Acc@5 100.00 (100.00)
Epoch: [4][70/80]  Time  0.422 ( 0.470)  Data  0.000 ( 0.077)  Loss 1.4890e-02 (4.9287e-01)  Acc@1 100.00 ( 84.86)  Acc@5 100.00 (100.00)
Epoch: [4] completed, elapsed time 37.200 seconds
[W pthreadpool-cpp.cc:90] Warning: Leaking Caffe2 thread-pool after fork. (function pthreadpool)
Test: [ 0/10]  Time  0.342 ( 0.342)  Loss 4.7092e-04 (4.7092e-04)  Acc@1 100.00 (100.00)  Acc@5 100.00 (100.00)
 * Acc@1 100.000 Acc@5 100.000
saved checkpoint to:  models/maskdata/checkpoint.pth.tar
[W pthreadpool-cpp.cc:90] Warning: Leaking Caffe2 thread-pool after fork. (function pthreadpool)
Epoch: [5][ 0/80]  Time  1.977 ( 1.977)  Data  1.672 ( 1.672)  Loss 4.9828e-01 (4.9828e-01)  Acc@1  75.00 ( 75.00)  Acc@5 100.00 (100.00)
Epoch: [5][10/80]  Time  0.421 ( 0.565)  Data  0.000 ( 0.176)  Loss 8.3405e-02 (4.8558e-01)  Acc@1 100.00 ( 75.00)  Acc@5 100.00 (100.00)
Epoch: [5][20/80]  Time  0.408 ( 0.496)  Data  0.045 ( 0.107)  Loss 4.2236e-01 (5.2354e-01)  Acc@1  75.00 ( 76.19)  Acc@5 100.00 (100.00)
Epoch: [5][30/80]  Time  0.415 ( 0.472)  Data  0.000 ( 0.081)  Loss 2.3076e-01 (6.3059e-01)  Acc@1 100.00 ( 77.42)  Acc@5 100.00 (100.00)
Epoch: [5][40/80]  Time  0.429 ( 0.460)  Data  0.000 ( 0.068)  Loss 1.3969e-01 (6.0742e-01)  Acc@1 100.00 ( 78.66)  Acc@5 100.00 (100.00)
Epoch: [5][50/80]  Time  0.420 ( 0.452)  Data  0.000 ( 0.059)  Loss 8.3802e-02 (5.6370e-01)  Acc@1 100.00 ( 80.39)  Acc@5 100.00 (100.00)
Epoch: [5][60/80]  Time  0.419 ( 0.447)  Data  0.000 ( 0.054)  Loss 1.7503e-01 (5.3238e-01)  Acc@1 100.00 ( 81.15)  Acc@5 100.00 (100.00)
Epoch: [5][70/80]  Time  0.421 ( 0.443)  Data  0.000 ( 0.050)  Loss 1.6629e-02 (4.7536e-01)  Acc@1 100.00 ( 83.10)  Acc@5 100.00 (100.00)
Epoch: [5] completed, elapsed time 35.325 seconds
[W pthreadpool-cpp.cc:90] Warning: Leaking Caffe2 thread-pool after fork. (function pthreadpool)
Test: [ 0/10]  Time  0.346 ( 0.346)  Loss 1.1325e-06 (1.1325e-06)  Acc@1 100.00 (100.00)  Acc@5 100.00 (100.00)
 * Acc@1 92.500 Acc@5 100.000
saved checkpoint to:  models/maskdata/checkpoint.pth.tar
[W pthreadpool-cpp.cc:90] Warning: Leaking Caffe2 thread-pool after fork. (function pthreadpool)
Epoch: [6][ 0/80]  Time  3.436 ( 3.436)  Data  1.810 ( 1.810)  Loss 4.3726e-02 (4.3726e-02)  Acc@1 100.00 (100.00)  Acc@5 100.00 (100.00)
Epoch: [6][10/80]  Time  0.429 ( 0.675)  Data  0.000 ( 0.168)  Loss 1.6693e-02 (2.9349e-01)  Acc@1 100.00 ( 86.36)  Acc@5 100.00 (100.00)
Epoch: [6][20/80]  Time  0.398 ( 0.553)  Data  0.000 ( 0.100)  Loss 1.9026e-02 (2.4680e-01)  Acc@1 100.00 ( 89.29)  Acc@5 100.00 (100.00)
Epoch: [6][30/80]  Time  0.420 ( 0.510)  Data  0.001 ( 0.076)  Loss 6.1568e-02 (2.9030e-01)  Acc@1 100.00 ( 87.90)  Acc@5 100.00 (100.00)
Epoch: [6][40/80]  Time  0.416 ( 0.489)  Data  0.000 ( 0.064)  Loss 1.8059e-02 (2.9349e-01)  Acc@1 100.00 ( 89.63)  Acc@5 100.00 (100.00)
Epoch: [6][50/80]  Time  0.418 ( 0.475)  Data  0.001 ( 0.057)  Loss 5.7670e-02 (3.1262e-01)  Acc@1 100.00 ( 88.24)  Acc@5 100.00 (100.00)
Epoch: [6][60/80]  Time  0.419 ( 0.467)  Data  0.000 ( 0.052)  Loss 7.9113e-01 (3.5313e-01)  Acc@1  75.00 ( 87.30)  Acc@5 100.00 (100.00)
Epoch: [6][70/80]  Time  0.425 ( 0.460)  Data  0.000 ( 0.048)  Loss 1.2195e+00 (3.9253e-01)  Acc@1  50.00 ( 85.56)  Acc@5 100.00 (100.00)
Epoch: [6] completed, elapsed time 36.639 seconds
[W pthreadpool-cpp.cc:90] Warning: Leaking Caffe2 thread-pool after fork. (function pthreadpool)
Test: [ 0/10]  Time  1.066 ( 1.066)  Loss 9.4254e-05 (9.4254e-05)  Acc@1 100.00 (100.00)  Acc@5 100.00 (100.00)
 * Acc@1 90.000 Acc@5 100.000
saved checkpoint to:  models/maskdata/checkpoint.pth.tar
[W pthreadpool-cpp.cc:90] Warning: Leaking Caffe2 thread-pool after fork. (function pthreadpool)
Epoch: [7][ 0/80]  Time  1.970 ( 1.970)  Data  1.644 ( 1.644)  Loss 1.5123e-01 (1.5123e-01)  Acc@1 100.00 (100.00)  Acc@5 100.00 (100.00)
Epoch: [7][10/80]  Time  0.424 ( 0.562)  Data  0.001 ( 0.173)  Loss 8.2935e-01 (3.9765e-01)  Acc@1  75.00 ( 88.64)  Acc@5 100.00 (100.00)
Epoch: [7][20/80]  Time  0.415 ( 0.494)  Data  0.001 ( 0.103)  Loss 1.4380e-01 (4.8584e-01)  Acc@1 100.00 ( 83.33)  Acc@5 100.00 (100.00)
Epoch: [7][30/80]  Time  0.419 ( 0.470)  Data  0.000 ( 0.078)  Loss 1.1111e+00 (5.7866e-01)  Acc@1  75.00 ( 80.65)  Acc@5 100.00 (100.00)
Epoch: [7][40/80]  Time  0.417 ( 0.459)  Data  0.000 ( 0.073)  Loss 3.3156e-02 (6.4884e-01)  Acc@1 100.00 ( 76.83)  Acc@5 100.00 (100.00)
Epoch: [7][50/80]  Time  0.410 ( 0.452)  Data  0.000 ( 0.063)  Loss 1.8077e-01 (5.9069e-01)  Acc@1 100.00 ( 78.43)  Acc@5 100.00 (100.00)
Epoch: [7][60/80]  Time  0.419 ( 0.446)  Data  0.001 ( 0.057)  Loss 3.2374e-01 (5.2778e-01)  Acc@1  75.00 ( 79.92)  Acc@5 100.00 (100.00)
Epoch: [7][70/80]  Time  0.419 ( 0.443)  Data  0.000 ( 0.053)  Loss 3.7275e-02 (5.1899e-01)  Acc@1 100.00 ( 79.23)  Acc@5 100.00 (100.00)
Epoch: [7] completed, elapsed time 35.337 seconds
[W pthreadpool-cpp.cc:90] Warning: Leaking Caffe2 thread-pool after fork. (function pthreadpool)
Test: [ 0/10]  Time  0.778 ( 0.778)  Loss 4.1051e-02 (4.1051e-02)  Acc@1 100.00 (100.00)  Acc@5 100.00 (100.00)
 * Acc@1 90.000 Acc@5 100.000
saved checkpoint to:  models/maskdata/checkpoint.pth.tar
[W pthreadpool-cpp.cc:90] Warning: Leaking Caffe2 thread-pool after fork. (function pthreadpool)
Epoch: [8][ 0/80]  Time  2.913 ( 2.913)  Data  2.506 ( 2.506)  Loss 6.2321e-01 (6.2321e-01)  Acc@1  75.00 ( 75.00)  Acc@5 100.00 (100.00)
Epoch: [8][10/80]  Time  0.424 ( 0.649)  Data  0.000 ( 0.251)  Loss 1.9033e-01 (4.1288e-01)  Acc@1 100.00 ( 84.09)  Acc@5 100.00 (100.00)
Epoch: [8][20/80]  Time  0.417 ( 0.542)  Data  0.000 ( 0.144)  Loss 1.6624e-01 (3.9987e-01)  Acc@1 100.00 ( 85.71)  Acc@5 100.00 (100.00)
Epoch: [8][30/80]  Time  0.421 ( 0.504)  Data  0.000 ( 0.106)  Loss 2.5401e-02 (4.8636e-01)  Acc@1 100.00 ( 81.45)  Acc@5 100.00 (100.00)
Epoch: [8][40/80]  Time  0.423 ( 0.484)  Data  0.000 ( 0.087)  Loss 1.0557e-01 (4.8623e-01)  Acc@1 100.00 ( 80.49)  Acc@5 100.00 (100.00)
Epoch: [8][50/80]  Time  0.414 ( 0.472)  Data  0.000 ( 0.075)  Loss 3.4893e-02 (5.4934e-01)  Acc@1 100.00 ( 78.92)  Acc@5 100.00 (100.00)
Epoch: [8][60/80]  Time  0.420 ( 0.464)  Data  0.000 ( 0.069)  Loss 2.7908e+00 (6.2305e-01)  Acc@1   0.00 ( 77.05)  Acc@5 100.00 (100.00)
Epoch: [8][70/80]  Time  0.429 ( 0.458)  Data  0.000 ( 0.063)  Loss 4.8616e-01 (5.8769e-01)  Acc@1  75.00 ( 77.46)  Acc@5 100.00 (100.00)
Epoch: [8] completed, elapsed time 36.394 seconds
[W pthreadpool-cpp.cc:90] Warning: Leaking Caffe2 thread-pool after fork. (function pthreadpool)
Test: [ 0/10]  Time  0.333 ( 0.333)  Loss 2.0724e-02 (2.0724e-02)  Acc@1 100.00 (100.00)  Acc@5 100.00 (100.00)
 * Acc@1 97.500 Acc@5 100.000
saved checkpoint to:  models/maskdata/checkpoint.pth.tar
[W pthreadpool-cpp.cc:90] Warning: Leaking Caffe2 thread-pool after fork. (function pthreadpool)
Epoch: [9][ 0/80]  Time  0.485 ( 0.485)  Data  0.319 ( 0.319)  Loss 7.3488e-01 (7.3488e-01)  Acc@1  75.00 ( 75.00)  Acc@5 100.00 (100.00)
Epoch: [9][10/80]  Time  0.418 ( 0.643)  Data  0.000 ( 0.266)  Loss 1.0976e-01 (2.8284e-01)  Acc@1 100.00 ( 88.64)  Acc@5 100.00 (100.00)
Epoch: [9][20/80]  Time  0.419 ( 0.538)  Data  0.000 ( 0.152)  Loss 6.1631e-01 (2.6910e-01)  Acc@1  50.00 ( 86.90)  Acc@5 100.00 (100.00)
Epoch: [9][30/80]  Time  0.419 ( 0.500)  Data  0.000 ( 0.111)  Loss 2.4885e+00 (4.2938e-01)  Acc@1   0.00 ( 82.26)  Acc@5 100.00 (100.00)
Epoch: [9][40/80]  Time  0.423 ( 0.481)  Data  0.000 ( 0.090)  Loss 1.6461e+00 (4.5809e-01)  Acc@1  25.00 ( 81.71)  Acc@5 100.00 (100.00)
Epoch: [9][50/80]  Time  0.413 ( 0.469)  Data  0.001 ( 0.078)  Loss 3.4515e-02 (4.1238e-01)  Acc@1 100.00 ( 83.82)  Acc@5 100.00 (100.00)
Epoch: [9][60/80]  Time  0.422 ( 0.462)  Data  0.000 ( 0.069)  Loss 2.5432e-01 (3.8379e-01)  Acc@1  75.00 ( 82.79)  Acc@5 100.00 (100.00)
Epoch: [9][70/80]  Time  0.423 ( 0.457)  Data  0.000 ( 0.063)  Loss 6.8482e-03 (3.9036e-01)  Acc@1 100.00 ( 84.15)  Acc@5 100.00 (100.00)
Epoch: [9] completed, elapsed time 36.341 seconds
[W pthreadpool-cpp.cc:90] Warning: Leaking Caffe2 thread-pool after fork. (function pthreadpool)
Test: [ 0/10]  Time  0.330 ( 0.330)  Loss 6.1890e-02 (6.1890e-02)  Acc@1 100.00 (100.00)  Acc@5 100.00 (100.00)
 * Acc@1 97.500 Acc@5 100.000
saved checkpoint to:  models/maskdata/checkpoint.pth.tar
root@deniz-jetson:/jetson-inference/python/training/classification# 
